<?xml version="1.0" encoding="UTF-8"?>
<!-- Generated by org.testng.reporters.JUnitReportReporter -->
<testsuite skipped="0" hostname="Rohits-MacBook-Pro.local" name="qaclickacademy.RESTAPITest" tests="2" failures="0" timestamp="2019-09-25T13:55:34 CDT" time="0.013" errors="0">
  <testcase name="postJira" time="0.004" classname="qaclickacademy.RESTAPITest"/>
  <testcase name="deleteTwitter" time="0.009" classname="qaclickacademy.RESTAPITest"/>
</testsuite> <!-- qaclickacademy.RESTAPITest -->
