<?xml version="1.0" encoding="UTF-8"?>
<!-- Generated by org.testng.reporters.JUnitReportReporter -->
<testsuite skipped="0" hostname="Rohits-MacBook-Pro.local" name="qaclickacademy.AppiumTest" tests="2" failures="0" timestamp="2019-09-25T13:55:34 CDT" time="0.025" errors="0">
  <testcase name="IOSApp" time="0.023" classname="qaclickacademy.AppiumTest"/>
  <testcase name="NativeAppANdroid" time="0.002" classname="qaclickacademy.AppiumTest"/>
</testsuite> <!-- qaclickacademy.AppiumTest -->
