<?xml version="1.0" encoding="UTF-8"?>
<!-- Generated by org.testng.reporters.JUnitReportReporter -->
<testsuite skipped="0" hostname="Rohits-MacBook-Pro.local" name="qaclickacademy.SeleniumTest" tests="2" failures="0" timestamp="2019-09-25T13:55:34 CDT" time="0.006" errors="0">
  <testcase name="BrowserAutomation" time="0.004" classname="qaclickacademy.SeleniumTest"/>
  <testcase name="elementsUI" time="0.002" classname="qaclickacademy.SeleniumTest"/>
</testsuite> <!-- qaclickacademy.SeleniumTest -->
