<?xml version="1.0" encoding="UTF-8"?>
<!-- Generated by org.testng.reporters.JUnitReportReporter -->
<testsuite hostname="Rohits-MacBook-Pro.local" name="qaclickacademy.RESTAPITest" tests="2" failures="0" timestamp="26 Sep 2019 19:28:13 GMT" time="0.002" errors="0">
  <testcase name="deleteTwitter" time="0.002" classname="qaclickacademy.RESTAPITest"/>
  <testcase name="postJira" time="0.000" classname="qaclickacademy.RESTAPITest"/>
</testsuite> <!-- qaclickacademy.RESTAPITest -->
