<?xml version="1.0" encoding="UTF-8"?>
<!-- Generated by org.testng.reporters.JUnitReportReporter -->
<testsuite hostname="Rohits-MacBook-Pro.local" name="qaclickacademy.AppiumTest" tests="2" failures="0" timestamp="26 Sep 2019 19:28:13 GMT" time="0.015" errors="0">
  <testcase name="NativeAppANdroid" time="0.003" classname="qaclickacademy.AppiumTest"/>
  <testcase name="IOSApp" time="0.012" classname="qaclickacademy.AppiumTest"/>
</testsuite> <!-- qaclickacademy.AppiumTest -->
